2021-11-28 18:13:56 INFO  .:69 - The execution of method loadFiles started here ...
2021-11-28 18:13:56 INFO  .:84 - The execution of method loadFiles ended here ...
2021-11-28 18:13:59 INFO  .:86 - The execution of method navigate started here ...
2021-11-28 18:14:05 INFO  .:98 - The execution of method navigate ended here ...
2021-11-28 18:14:05 INFO  .:166 - In Test Scenario Login the method navigate execution status is :Pass
2021-11-28 18:14:06 INFO  .:32 - The execution of method login started here ...
2021-11-28 18:14:11 INFO  .:50 - The execution of method login ended here ...
2021-11-28 18:14:11 INFO  .:166 - In Test Scenario Login the method login execution status is :Pass
2021-11-28 18:14:13 INFO  .:166 - In Test Scenario Login the method minimizeFlyOutWindow execution status is :Pass
2021-11-28 18:14:13 INFO  .:76 - The execution of method logout started here ...
2021-11-28 18:14:17 INFO  .:88 - The execution of method logout ended here ...
2021-11-28 18:14:17 INFO  .:166 - In Test Scenario Login the method logout execution status is :Pass
2021-11-28 18:14:17 INFO  .:121 - The execution of method closeApplication started here ...
2021-11-28 18:14:18 INFO  .:124 - The execution of method closeApplication ended here ...
2021-11-28 18:14:18 INFO  .:166 - In Test Scenario Login the method closeApplication execution status is :Pass
2021-11-28 18:14:18 INFO  .:180 - +++++++++++++++++++++++++++++++
2021-11-28 18:14:19 INFO  .:86 - The execution of method navigate started here ...
2021-11-28 18:14:25 INFO  .:98 - The execution of method navigate ended here ...
2021-11-28 18:14:25 INFO  .:166 - In Test Scenario CreateUser the method navigate execution status is :Pass
2021-11-28 18:14:26 INFO  .:32 - The execution of method login started here ...
2021-11-28 18:14:31 INFO  .:50 - The execution of method login ended here ...
2021-11-28 18:14:31 INFO  .:166 - In Test Scenario CreateUser the method login execution status is :Pass
2021-11-28 18:14:33 INFO  .:166 - In Test Scenario CreateUser the method minimizeFlyOutWindow execution status is :Pass
2021-11-28 18:14:33 INFO  .:32 - The execution of method createUser started here ...
2021-11-28 18:14:44 INFO  .:60 - The execution of method createUser ended here ...
2021-11-28 18:14:44 INFO  .:166 - In Test Scenario CreateUser the method createUser execution status is :Pass
2021-11-28 18:14:44 INFO  .:131 - The execution of method deleteUser started here ...
2021-11-28 18:14:54 INFO  .:147 - The execution of method deleteUser ended here ...
2021-11-28 18:14:54 INFO  .:166 - In Test Scenario CreateUser the method deleteUser execution status is :Pass
2021-11-28 18:14:54 INFO  .:76 - The execution of method logout started here ...
2021-11-28 18:14:58 INFO  .:88 - The execution of method logout ended here ...
2021-11-28 18:14:58 INFO  .:166 - In Test Scenario CreateUser the method logout execution status is :Pass
2021-11-28 18:14:58 INFO  .:121 - The execution of method closeApplication started here ...
2021-11-28 18:14:58 INFO  .:124 - The execution of method closeApplication ended here ...
2021-11-28 18:14:58 INFO  .:166 - In Test Scenario CreateUser the method closeApplication execution status is :Pass
2021-11-28 18:14:58 INFO  .:180 - +++++++++++++++++++++++++++++++
2021-11-28 18:14:59 INFO  .:86 - The execution of method navigate started here ...
2021-11-28 18:15:06 INFO  .:98 - The execution of method navigate ended here ...
2021-11-28 18:15:06 INFO  .:166 - In Test Scenario ModifyUser the method navigate execution status is :Pass
2021-11-28 18:15:06 INFO  .:32 - The execution of method login started here ...
2021-11-28 18:15:11 INFO  .:50 - The execution of method login ended here ...
2021-11-28 18:15:11 INFO  .:166 - In Test Scenario ModifyUser the method login execution status is :Pass
2021-11-28 18:15:13 INFO  .:166 - In Test Scenario ModifyUser the method minimizeFlyOutWindow execution status is :Pass
2021-11-28 18:15:13 INFO  .:32 - The execution of method createUser started here ...
2021-11-28 18:15:25 INFO  .:60 - The execution of method createUser ended here ...
2021-11-28 18:15:25 INFO  .:166 - In Test Scenario ModifyUser the method createUser execution status is :Pass
2021-11-28 18:15:25 INFO  .:86 - The execution of method modifyUser started here ...
2021-11-28 18:15:34 INFO  .:106 - The execution of method modifyUser ended here ...
2021-11-28 18:15:34 INFO  .:166 - In Test Scenario ModifyUser the method modifyUser execution status is :Fail
2021-11-28 18:15:34 INFO  .:131 - The execution of method deleteUser started here ...
2021-11-28 18:15:44 INFO  .:147 - The execution of method deleteUser ended here ...
2021-11-28 18:15:44 INFO  .:166 - In Test Scenario ModifyUser the method deleteUser execution status is :Pass
2021-11-28 18:15:44 INFO  .:76 - The execution of method logout started here ...
2021-11-28 18:15:48 INFO  .:88 - The execution of method logout ended here ...
2021-11-28 18:15:48 INFO  .:166 - In Test Scenario ModifyUser the method logout execution status is :Pass
2021-11-28 18:15:48 INFO  .:121 - The execution of method closeApplication started here ...
2021-11-28 18:15:48 INFO  .:124 - The execution of method closeApplication ended here ...
2021-11-28 18:15:48 INFO  .:166 - In Test Scenario ModifyUser the method closeApplication execution status is :Pass
2021-11-28 18:15:48 INFO  .:180 - +++++++++++++++++++++++++++++++
2021-11-28 18:15:48 INFO  .:180 - +++++++++++++++++++++++++++++++
2021-11-28 18:15:48 INFO  .:180 - +++++++++++++++++++++++++++++++
2021-11-28 18:15:48 INFO  .:180 - +++++++++++++++++++++++++++++++
2021-11-28 18:15:48 INFO  .:180 - +++++++++++++++++++++++++++++++
2021-11-28 18:15:48 INFO  .:183 - The execution of method executeTestScenarios ended here ...
2021-11-28 18:15:48 INFO  .:205 - The execution of method endAutomationSuite ended here ...
2021-11-28 18:15:48 INFO  .:208 - The execution of method endAutomationSuite ended here ...
